-------------------------------------------------------------------------------
Test set: com.api.moviesbattle.integration.controller.MoviesBattleControllerTest
-------------------------------------------------------------------------------
Tests run: 1, Failures: 0, Errors: 1, Skipped: 0, Time elapsed: 26.26 s <<< FAILURE! - in com.api.moviesbattle.integration.controller.MoviesBattleControllerTest
com.api.moviesbattle.integration.controller.MoviesBattleControllerTest  Time elapsed: 26.258 s  <<< ERROR!
java.lang.IllegalStateException: Failed to load ApplicationContext
Caused by: org.springframework.context.ApplicationContextException: Failed to start bean 'documentationPluginsBootstrapper'; nested exception is java.lang.NullPointerException
Caused by: java.lang.NullPointerException

